
  You can now view your Streamlit app in your browser.

  Local URL: http://localhost:8501
  Network URL: http://10.239.197.48:8501

2026-03-19 14:48:20.207 Uncaught app execution
Traceback (most recent call last):
  File "D:\Adaptive_AI\Adaptive_AI_Deployment\venv\lib\site-packages\streamlit\runtime\scriptrunner\exec_code.py", line 129, in exec_func_with_error_handling
    result = func()
  File "D:\Adaptive_AI\Adaptive_AI_Deployment\venv\lib\site-packages\streamlit\runtime\scriptrunner\script_runner.py", line 689, in code_to_exec
    exec(code, module.__dict__)  # noqa: S102
  File "D:\Adaptive_AI\Adaptive_AI_Deployment\ui\dashboard.py", line 755, in <module>
    st.session_state.chat_input = ""
  File "D:\Adaptive_AI\Adaptive_AI_Deployment\venv\lib\site-packages\streamlit\runtime\metrics_util.py", line 532, in wrapped_func
    result = non_optional_func(*args, **kwargs)
  File "D:\Adaptive_AI\Adaptive_AI_Deployment\venv\lib\site-packages\streamlit\runtime\state\session_state_proxy.py", line 136, in __setattr__
    self[key] = value
  File "D:\Adaptive_AI\Adaptive_AI_Deployment\venv\lib\site-packages\streamlit\runtime\metrics_util.py", line 532, in wrapped_func
    result = non_optional_func(*args, **kwargs)
  File "D:\Adaptive_AI\Adaptive_AI_Deployment\venv\lib\site-packages\streamlit\runtime\state\session_state_proxy.py", line 114, in __setitem__
    get_session_state()[key] = value
  File "D:\Adaptive_AI\Adaptive_AI_Deployment\venv\lib\site-packages\streamlit\runtime\state\safe_session_state.py", line 109, in __setitem__
    self._state[key] = value
  File "D:\Adaptive_AI\Adaptive_AI_Deployment\venv\lib\site-packages\streamlit\runtime\state\session_state.py", line 591, in __setitem__
    raise StreamlitAPIException(
streamlit.errors.StreamlitAPIException: `st.session_state.chat_input` cannot be modified after the widget with key `chat_input` is instantiated.
2026-03-19 14:48:36.488 Uncaught app execution
Traceback (most recent call last):
  File "D:\Adaptive_AI\Adaptive_AI_Deployment\venv\lib\site-packages\streamlit\runtime\scriptrunner\exec_code.py", line 129, in exec_func_with_error_handling
    result = func()
  File "D:\Adaptive_AI\Adaptive_AI_Deployment\venv\lib\site-packages\streamlit\runtime\scriptrunner\script_runner.py", line 689, in code_to_exec
    exec(code, module.__dict__)  # noqa: S102
  File "D:\Adaptive_AI\Adaptive_AI_Deployment\ui\dashboard.py", line 755, in <module>
    st.session_state.chat_input = ""
  File "D:\Adaptive_AI\Adaptive_AI_Deployment\venv\lib\site-packages\streamlit\runtime\metrics_util.py", line 532, in wrapped_func
    result = non_optional_func(*args, **kwargs)
  File "D:\Adaptive_AI\Adaptive_AI_Deployment\venv\lib\site-packages\streamlit\runtime\state\session_state_proxy.py", line 136, in __setattr__
    self[key] = value
  File "D:\Adaptive_AI\Adaptive_AI_Deployment\venv\lib\site-packages\streamlit\runtime\metrics_util.py", line 532, in wrapped_func
    result = non_optional_func(*args, **kwargs)
  File "D:\Adaptive_AI\Adaptive_AI_Deployment\venv\lib\site-packages\streamlit\runtime\state\session_state_proxy.py", line 114, in __setitem__
    get_session_state()[key] = value
  File "D:\Adaptive_AI\Adaptive_AI_Deployment\venv\lib\site-packages\streamlit\runtime\state\safe_session_state.py", line 109, in __setitem__
    self._state[key] = value
  File "D:\Adaptive_AI\Adaptive_AI_Deployment\venv\lib\site-packages\streamlit\runtime\state\session_state.py", line 591, in __setitem__
    raise StreamlitAPIException(
streamlit.errors.StreamlitAPIException: `st.session_state.chat_input` cannot be modified after the widget with key `chat_input` is instantiated.
2026-03-19 14:51:12.855 Uncaught app execution
Traceback (most recent call last):
  File "D:\Adaptive_AI\Adaptive_AI_Deployment\venv\lib\site-packages\streamlit\runtime\scriptrunner\exec_code.py", line 129, in exec_func_with_error_handling
    result = func()
  File "D:\Adaptive_AI\Adaptive_AI_Deployment\venv\lib\site-packages\streamlit\runtime\scriptrunner\script_runner.py", line 689, in code_to_exec
    exec(code, module.__dict__)  # noqa: S102
  File "D:\Adaptive_AI\Adaptive_AI_Deployment\ui\dashboard.py", line 749, in <module>
    if not prompt and st.session_state.get("pending_audio"):
NameError: name 'prompt' is not defined
2026-03-19 14:55:30.553 MediaFileHandler: Missing file bc4a9249329ebb4ef8ca186456b386d932fce6ac3ce8c374e74e0f6a
Traceback (most recent call last):
  File "D:\Adaptive_AI\Adaptive_AI_Deployment\venv\lib\site-packages\streamlit\runtime\memory_media_file_storage.py", line 152, in get_file
    return self._files_by_id[file_id]
KeyError: 'bc4a9249329ebb4ef8ca186456b386d932fce6ac3ce8c374e74e0f6a'

The above exception was the direct cause of the following exception:

Traceback (most recent call last):
  File "D:\Adaptive_AI\Adaptive_AI_Deployment\venv\lib\site-packages\streamlit\web\server\media_file_handler.py", line 95, in validate_absolute_path
    self._storage.get_file(absolute_path)
  File "D:\Adaptive_AI\Adaptive_AI_Deployment\venv\lib\site-packages\streamlit\runtime\memory_media_file_storage.py", line 154, in get_file
    raise MediaFileStorageError(
streamlit.runtime.media_file_storage.MediaFileStorageError: Bad filename 'bc4a9249329ebb4ef8ca186456b386d932fce6ac3ce8c374e74e0f6a'. (No media file with id 'bc4a9249329ebb4ef8ca186456b386d932fce6ac3ce8c374e74e0f6a')
2026-03-19 15:13:41.979 MediaFileHandler: Missing file b89c549c6edeee89596fa7729336d725fdff136b2bdd2d5f885cb34b
Traceback (most recent call last):
  File "D:\Adaptive_AI\Adaptive_AI_Deployment\venv\lib\site-packages\streamlit\runtime\memory_media_file_storage.py", line 152, in get_file
    return self._files_by_id[file_id]
KeyError: 'b89c549c6edeee89596fa7729336d725fdff136b2bdd2d5f885cb34b'

The above exception was the direct cause of the following exception:

Traceback (most recent call last):
  File "D:\Adaptive_AI\Adaptive_AI_Deployment\venv\lib\site-packages\streamlit\web\server\media_file_handler.py", line 95, in validate_absolute_path
    self._storage.get_file(absolute_path)
  File "D:\Adaptive_AI\Adaptive_AI_Deployment\venv\lib\site-packages\streamlit\runtime\memory_media_file_storage.py", line 154, in get_file
    raise MediaFileStorageError(
streamlit.runtime.media_file_storage.MediaFileStorageError: Bad filename 'b89c549c6edeee89596fa7729336d725fdff136b2bdd2d5f885cb34b'. (No media file with id 'b89c549c6edeee89596fa7729336d725fdff136b2bdd2d5f885cb34b')
2026-03-19 15:21:56.626 MediaFileHandler: Missing file b545190a51aa54fe9e6d0a0d1b0c3909565144864349b2393adc52f7
Traceback (most recent call last):
  File "D:\Adaptive_AI\Adaptive_AI_Deployment\venv\lib\site-packages\streamlit\runtime\memory_media_file_storage.py", line 152, in get_file
    return self._files_by_id[file_id]
KeyError: 'b545190a51aa54fe9e6d0a0d1b0c3909565144864349b2393adc52f7'

The above exception was the direct cause of the following exception:

Traceback (most recent call last):
  File "D:\Adaptive_AI\Adaptive_AI_Deployment\venv\lib\site-packages\streamlit\web\server\media_file_handler.py", line 95, in validate_absolute_path
    self._storage.get_file(absolute_path)
  File "D:\Adaptive_AI\Adaptive_AI_Deployment\venv\lib\site-packages\streamlit\runtime\memory_media_file_storage.py", line 154, in get_file
    raise MediaFileStorageError(
streamlit.runtime.media_file_storage.MediaFileStorageError: Bad filename 'b545190a51aa54fe9e6d0a0d1b0c3909565144864349b2393adc52f7'. (No media file with id 'b545190a51aa54fe9e6d0a0d1b0c3909565144864349b2393adc52f7')
2026-03-19 15:52:15.472 MediaFileHandler: Missing file 795575430e32681f4fb1b1b4f47a8d36dbe1f634901dbb573d9beebf
Traceback (most recent call last):
  File "D:\Adaptive_AI\Adaptive_AI_Deployment\venv\lib\site-packages\streamlit\runtime\memory_media_file_storage.py", line 152, in get_file
    return self._files_by_id[file_id]
KeyError: '795575430e32681f4fb1b1b4f47a8d36dbe1f634901dbb573d9beebf'

The above exception was the direct cause of the following exception:

Traceback (most recent call last):
  File "D:\Adaptive_AI\Adaptive_AI_Deployment\venv\lib\site-packages\streamlit\web\server\media_file_handler.py", line 95, in validate_absolute_path
    self._storage.get_file(absolute_path)
  File "D:\Adaptive_AI\Adaptive_AI_Deployment\venv\lib\site-packages\streamlit\runtime\memory_media_file_storage.py", line 154, in get_file
    raise MediaFileStorageError(
streamlit.runtime.media_file_storage.MediaFileStorageError: Bad filename '795575430e32681f4fb1b1b4f47a8d36dbe1f634901dbb573d9beebf'. (No media file with id '795575430e32681f4fb1b1b4f47a8d36dbe1f634901dbb573d9beebf')
2026-03-19 15:57:29.301 MediaFileHandler: Missing file a8162334dc93c2206fca12449cd73b6a43e3f4ccaa6baba3a28c3de6
Traceback (most recent call last):
  File "D:\Adaptive_AI\Adaptive_AI_Deployment\venv\lib\site-packages\streamlit\runtime\memory_media_file_storage.py", line 152, in get_file
    return self._files_by_id[file_id]
KeyError: 'a8162334dc93c2206fca12449cd73b6a43e3f4ccaa6baba3a28c3de6'

The above exception was the direct cause of the following exception:

Traceback (most recent call last):
  File "D:\Adaptive_AI\Adaptive_AI_Deployment\venv\lib\site-packages\streamlit\web\server\media_file_handler.py", line 95, in validate_absolute_path
    self._storage.get_file(absolute_path)
  File "D:\Adaptive_AI\Adaptive_AI_Deployment\venv\lib\site-packages\streamlit\runtime\memory_media_file_storage.py", line 154, in get_file
    raise MediaFileStorageError(
streamlit.runtime.media_file_storage.MediaFileStorageError: Bad filename 'a8162334dc93c2206fca12449cd73b6a43e3f4ccaa6baba3a28c3de6'. (No media file with id 'a8162334dc93c2206fca12449cd73b6a43e3f4ccaa6baba3a28c3de6')
